2015-09-24T12:38:37.120-0300 [initandlisten] MongoDB starting : pid=23302 port=27017 dbpath=/Users/ricardo/Code/aliexpress-scraper/local/db 64-bit host=MacBook-Pro-de-Ricardo.local
2015-09-24T12:38:37.120-0300 [initandlisten] 
2015-09-24T12:38:37.120-0300 [initandlisten] ** WARNING: soft rlimits too low. Number of files is 256, should be at least 1000
2015-09-24T12:38:37.120-0300 [initandlisten] db version v2.6.7
2015-09-24T12:38:37.120-0300 [initandlisten] git version: nogitversion
2015-09-24T12:38:37.120-0300 [initandlisten] OpenSSL version: OpenSSL 1.0.2 22 Jan 2015
2015-09-24T12:38:37.120-0300 [initandlisten] build info: Darwin meteor.local 11.4.0 Darwin Kernel Version 11.4.0: Mon Apr  9 19:32:15 PDT 2012; root:xnu-1699.26.8~1/RELEASE_X86_64 x86_64 BOOST_LIB_VERSION=1_49
2015-09-24T12:38:37.120-0300 [initandlisten] allocator: tcmalloc
2015-09-24T12:38:37.120-0300 [initandlisten] options: { replication: { oplogSizeMB: 8 }, storage: { dbPath: "/Users/ricardo/Code/aliexpress-scraper/local/db", smallFiles: true } }
2015-09-24T12:38:37.172-0300 [initandlisten] journal dir=/Users/ricardo/Code/aliexpress-scraper/local/db/journal
2015-09-24T12:38:37.172-0300 [initandlisten] recover : no journal files present, no recovery needed
2015-09-24T12:38:37.202-0300 [initandlisten] waiting for connections on port 27017
2015-09-24T12:38:37.610-0300 [initandlisten] connection accepted from 127.0.0.1:62569 #1 (1 connection now open)
2015-09-24T12:38:37.610-0300 [initandlisten] connection accepted from 127.0.0.1:62570 #2 (2 connections now open)
2015-09-24T12:38:37.611-0300 [initandlisten] connection accepted from 127.0.0.1:62571 #3 (3 connections now open)
2015-09-24T12:38:37.644-0300 [conn1] end connection 127.0.0.1:62569 (2 connections now open)
2015-09-24T12:38:37.755-0300 [conn3] end connection 127.0.0.1:62571 (1 connection now open)
2015-09-24T12:38:37.755-0300 [conn2] end connection 127.0.0.1:62570 (1 connection now open)
2015-09-24T12:38:37.762-0300 [signalProcessingThread] got signal 15 (Terminated: 15), will terminate after current cmd ends
2015-09-24T12:38:37.763-0300 [signalProcessingThread] now exiting
2015-09-24T12:38:37.763-0300 [signalProcessingThread] dbexit: 
2015-09-24T12:38:37.763-0300 [signalProcessingThread] shutdown: going to close listening sockets...
2015-09-24T12:38:37.763-0300 [signalProcessingThread] closing listening socket: 7
2015-09-24T12:38:37.763-0300 [signalProcessingThread] closing listening socket: 9
2015-09-24T12:38:37.763-0300 [signalProcessingThread] removing socket file: /tmp/mongodb-27017.sock
2015-09-24T12:38:37.763-0300 [signalProcessingThread] shutdown: going to flush diaglog...
2015-09-24T12:38:37.763-0300 [signalProcessingThread] shutdown: going to close sockets...
2015-09-24T12:38:37.763-0300 [signalProcessingThread] shutdown: waiting for fs preallocator...
2015-09-24T12:38:37.763-0300 [signalProcessingThread] shutdown: lock for final commit...
2015-09-24T12:38:37.763-0300 [signalProcessingThread] shutdown: final commit...
2015-09-24T12:38:37.767-0300 [signalProcessingThread] shutdown: closing all files...
2015-09-24T12:38:37.770-0300 [signalProcessingThread] closeAllFiles() finished
2015-09-24T12:38:37.771-0300 [signalProcessingThread] journalCleanup...
2015-09-24T12:38:37.771-0300 [signalProcessingThread] removeJournalFiles
2015-09-24T12:38:37.771-0300 [signalProcessingThread] shutdown: removing fs lock...
2015-09-24T12:38:37.771-0300 [signalProcessingThread] dbexit: really exiting now
